== 2026-03-09 18:40:33 :: python NCC_original_sampling_r.py --N 4 --T 0.25 --epsilon 0.01 --trials 200 --repeats 3
[repeat 1/3] eval r=1: sample_error=1.168890e-01, bias=1.067180e-01, fluct=4.010338e-02
[repeat 1/3] eval r=2: sample_error=1.642621e-02, bias=8.826743e-03, fluct=1.323303e-02
[repeat 1/3] eval r=4: sample_error=4.720459e-03, bias=8.597001e-04, fluct=4.789053e-03
[repeat 1/3] eval r=3: sample_error=6.783576e-03, bias=2.200360e-03, fluct=6.764672e-03
[repeat 1/3] sampled_r_min=3, expected_r_min=2, current mean=3.000, 95% CI=[3.000, 3.000]
[repeat 2/3] eval r=1: sample_error=1.122473e-01, bias=1.067180e-01, fluct=4.569331e-02
[repeat 2/3] eval r=2: sample_error=1.686399e-02, bias=8.826743e-03, fluct=1.595794e-02
[repeat 2/3] eval r=4: sample_error=3.939266e-03, bias=8.597001e-04, fluct=3.806637e-03
[repeat 2/3] eval r=3: sample_error=7.625996e-03, bias=2.200360e-03, fluct=7.176634e-03
[repeat 2/3] sampled_r_min=3, expected_r_min=2, current mean=3.000, 95% CI=[3.000, 3.000]
[repeat 3/3] eval r=1: sample_error=1.121796e-01, bias=1.067180e-01, fluct=3.519964e-02
[repeat 3/3] eval r=2: sample_error=1.942916e-02, bias=8.826743e-03, fluct=1.768177e-02
[repeat 3/3] eval r=4: sample_error=2.216962e-03, bias=8.597001e-04, fluct=1.884400e-03
[repeat 3/3] eval r=3: sample_error=7.590220e-03, bias=2.200360e-03, fluct=7.219201e-03
[repeat 3/3] sampled_r_min=3, expected_r_min=2, current mean=3.000, 95% CI=[3.000, 3.000]
finished search
sampled r_min samples: [3, 3, 3]
expected r_min samples: [2, 2, 2]
sampled r_min mean: 3.000
95% CI for sampled r_min mean: [3.000, 3.000]
saved checkpoint to: data/NCC_original_sampling_r_N4_T0.25_eps0.01_trials200_repeats3.json
saved arrays to: data/NCC_original_sampling_r_N4_T0.25_eps0.01_trials200_repeats3.npz
-- completed original T=0.25
== 2026-03-09 18:40:33 :: python NCC_log_sampling_r.py --N 4 --T 0.25 --epsilon 0.01 --trials 200 --repeats 3
[repeat 1/3] eval r=1: sample_error=1.117928e-01, bias=1.112339e-01, fluct=7.022345e-02
[repeat 1/3] eval r=2: sample_error=1.658399e-02, bias=8.765480e-03, fluct=1.607812e-02
[repeat 1/3] eval r=4: sample_error=1.020594e-02, bias=7.632304e-04, fluct=9.892981e-03
[repeat 1/3] eval r=8: sample_error=1.183216e-03, bias=7.725486e-05, fluct=1.191651e-03
[repeat 1/3] eval r=6: sample_error=2.274103e-03, bias=1.969564e-04, fluct=2.300904e-03
[repeat 1/3] eval r=5: sample_error=1.672933e-03, bias=3.600969e-04, fluct=1.783211e-03
[repeat 1/3] sampled_r_min=5, expected_r_min=2, current mean=5.000, 95% CI=[5.000, 5.000]
[repeat 2/3] eval r=1: sample_error=1.751567e-01, bias=1.112339e-01, fluct=8.421688e-02
[repeat 2/3] eval r=2: sample_error=2.183061e-02, bias=8.765480e-03, fluct=1.779228e-02
[repeat 2/3] eval r=4: sample_error=1.018153e-02, bias=7.632304e-04, fluct=9.473761e-03
